<?xml version="1.0" encoding="UTF-8"?>
<!-- Generated by org.testng.reporters.JUnitXMLReporter -->
<testsuite ignored="0" hostname="DESKTOP-6VOIP5G" failures="0" tests="7" name="StoreTests" time="4.344" errors="0" timestamp="2023-02-20T14:51:17 EST">
  <testcase classname="testCases.StoreTests" name="test_addStoreOrder" time="1.793"/>
  <testcase classname="testCases.StoreTests" name="test_addStoreOrder" time="0.239"/>
  <testcase classname="testCases.StoreTests" name="test_getStoreInventory" time="0.219"/>
  <testcase classname="testCases.StoreTests" name="test_getStoreOrder" time="0.459"/>
  <testcase classname="testCases.StoreTests" name="test_getStoreOrder" time="0.207"/>
  <testcase classname="testCases.StoreTests" name="test_deleteStoreOrder" time="0.215"/>
  <testcase classname="testCases.StoreTests" name="test_deleteStoreOrder" time="0.207"/>
</testsuite> <!-- StoreTests -->
