<?xml version="1.0" encoding="UTF-8"?>
<!-- Generated by org.testng.reporters.JUnitXMLReporter -->
<testsuite ignored="1" hostname="DESKTOP-6VOIP5G" failures="0" tests="6" name="Default test" time="4.446" errors="0" timestamp="2023-02-20T14:50:33 EST">
  <testcase classname="testCases.StoreTests" name="test_addStoreOrder" time="1.889"/>
  <testcase classname="testCases.StoreTests" name="test_addStoreOrder" time="0.521"/>
  <testcase classname="testCases.StoreTests" name="test_getStoreOrder" time="0.266"/>
  <testcase classname="testCases.StoreTests" name="test_getStoreOrder" time="0.246"/>
  <testcase classname="testCases.StoreTests" name="test_deleteStoreOrder" time="0.26"/>
  <testcase classname="testCases.StoreTests" name="test_deleteStoreOrder" time="0.251"/>
  <testcase classname="testCases.StoreTests" name="test_getStoreInventory" time="0.0">
    <ignored/>
  </testcase> <!-- test_getStoreInventory -->
</testsuite> <!-- Default test -->
